C51 COMPILER V9.54   MAIN                                                                  02/02/2024 12:25:51 PAGE 1   


C51 COMPILER V9.54, COMPILATION OF MODULE MAIN
OBJECT MODULE PLACED IN .\Objects\main.obj
COMPILER INVOKED BY: F:\Keil5\C51\BIN\C51.EXE main.c OPTIMIZE(8,SPEED) BROWSE DEBUG OBJECTEXTEND PRINT(.\Listings\main.l
                    -st) OBJECT(.\Objects\main.obj)

line level    source

   1          #include <REGF51RC.H>
   2          #include "Delay.h"
   3          #include "LCD1602.h"
   4          #include "XPT2046.h"
   5          
   6          unsigned int ADValue;
   7          
   8          int main()
   9          {
  10   1              LCD_Init();
  11   1              LCD_ShowString(1, 1, "ADJ  NTC  RG"); // 电位器  热敏电阻  光敏电阻
  12   1              while(1)
  13   1              {
  14   2                      ADValue = XPT2046_ReadAD(XPT2046_XP);
  15   2                      LCD_ShowNum(2, 1, ADValue, 4);
  16   2                      ADValue = XPT2046_ReadAD(XPT2046_YP);
  17   2                      LCD_ShowNum(2, 6, ADValue, 4);
  18   2                      ADValue = XPT2046_ReadAD(XPT2046_VBAT);
  19   2                      LCD_ShowNum(2, 11, ADValue, 4);
  20   2                      Delay(10);
  21   2              }
  22   1      }


MODULE INFORMATION:   STATIC OVERLAYABLE
   CODE SIZE        =     94    ----
   CONSTANT SIZE    =     13    ----
   XDATA SIZE       =   ----    ----
   PDATA SIZE       =   ----    ----
   DATA SIZE        =      2    ----
   IDATA SIZE       =   ----    ----
   BIT SIZE         =   ----    ----
END OF MODULE INFORMATION.


C51 COMPILATION COMPLETE.  0 WARNING(S),  0 ERROR(S)
