C51 COMPILER V9.54   XPT2046                                                               02/02/2024 12:19:01 PAGE 1   


C51 COMPILER V9.54, COMPILATION OF MODULE XPT2046
OBJECT MODULE PLACED IN .\Objects\XPT2046.obj
COMPILER INVOKED BY: F:\Keil5\C51\BIN\C51.EXE XPT2046.c OPTIMIZE(8,SPEED) BROWSE DEBUG OBJECTEXTEND PRINT(.\Listings\XPT
                    -2046.lst) OBJECT(.\Objects\XPT2046.obj)

line level    source

   1          #include <REGF51RC.H>
   2          
   3          sbit XPT2046_CS = P3^5;
   4          sbit XPT2046_DCLK = P3^6;
   5          sbit XPT2046_DIN = P3^4;
   6          sbit XPT2046_DOUT = P3^7;
   7          
   8          unsigned int XPT2046_ReadAD(unsigned char Command)
   9          {
  10   1              unsigned int ADC = 0;
  11   1              unsigned char i;
  12   1              
  13   1              XPT2046_DCLK = 0;
  14   1              XPT2046_CS = 0;
  15   1              
  16   1              for(i = 0; i < 8; i ++)
  17   1              {
  18   2                      XPT2046_DIN = Command & (0x80 >> i);
  19   2                      XPT2046_DCLK = 1;
  20   2                      XPT2046_DCLK = 0;
  21   2              }
  22   1              
  23   1              for(i = 0; i < 16; i ++)
  24   1              {
  25   2                      XPT2046_DCLK = 1;
  26   2                      XPT2046_DCLK = 0;
  27   2                      if(XPT2046_DOUT) ADC |= (0x8000 >> i);
  28   2              }
  29   1              
  30   1              XPT2046_CS = 1;
  31   1              
  32   1              return ADC >> 4; // 16位数据, 12位是 AD 值, 剩下 4 位是用 0 填充的
  33   1      }


MODULE INFORMATION:   STATIC OVERLAYABLE
   CODE SIZE        =    100    ----
   CONSTANT SIZE    =   ----    ----
   XDATA SIZE       =   ----    ----
   PDATA SIZE       =   ----    ----
   DATA SIZE        =   ----       2
   IDATA SIZE       =   ----    ----
   BIT SIZE         =   ----    ----
END OF MODULE INFORMATION.


C51 COMPILATION COMPLETE.  0 WARNING(S),  0 ERROR(S)
