C51 COMPILER V9.54   MAIN                                                                  02/01/2024 12:55:17 PAGE 1   


C51 COMPILER V9.54, COMPILATION OF MODULE MAIN
OBJECT MODULE PLACED IN .\Objects\main.obj
COMPILER INVOKED BY: F:\Keil5\C51\BIN\C51.EXE main.c OPTIMIZE(8,SPEED) BROWSE DEBUG OBJECTEXTEND PRINT(.\Listings\main.l
                    -st) OBJECT(.\Objects\main.obj)

line level    source

   1          #include <REGF51RC.H>
   2          #include "Delay.h"
   3          #include "Timer.h"
   4          #include "Seg.h"
   5          #include "Key.h"
   6          
   7          sbit Motor = P1^0;
   8          
   9          unsigned char Counter, Compare;
  10          unsigned char KeyNum, SpeedMode;
  11          
  12          int main()
  13          {
  14   1              Timer_Init();
  15   1              while(1)
  16   1              {
  17   2                      KeyNum = Key();
  18   2                      
  19   2                      if(KeyNum == 1)
  20   2                      {
  21   3                              SpeedMode ++;
  22   3                              SpeedMode %= 5;
  23   3                              
  24   3                              if(SpeedMode == 0) Compare = 0; // 设置占空比
  25   3                              if(SpeedMode == 1) Compare = 25;
  26   3                              if(SpeedMode == 2) Compare = 50;
  27   3                              if(SpeedMode == 3) Compare = 75;
  28   3                              if(SpeedMode == 4) Compare = 100;
  29   3                      }
  30   2                      seg(1, SpeedMode);
  31   2              }
  32   1      }
  33          
  34          void hanser() interrupt 1
  35          {
  36   1              TL0 = 0xA4;             
  37   1              TH0 = 0xFF;     
  38   1              Counter ++; // 100us 自增 + 1
  39   1              Counter %= 100; // Counter <= 100
  40   1              
  41   1              // PWM 
  42   1              if(Counter < Compare) Motor = 1;
  43   1              else Motor = 0;
  44   1      }


MODULE INFORMATION:   STATIC OVERLAYABLE
   CODE SIZE        =    118    ----
   CONSTANT SIZE    =   ----    ----
   XDATA SIZE       =   ----    ----
   PDATA SIZE       =   ----    ----
   DATA SIZE        =      4    ----
   IDATA SIZE       =   ----    ----
   BIT SIZE         =   ----    ----
C51 COMPILER V9.54   MAIN                                                                  02/01/2024 12:55:17 PAGE 2   

END OF MODULE INFORMATION.


C51 COMPILATION COMPLETE.  0 WARNING(S),  0 ERROR(S)
