C51 COMPILER V9.54   MAIN                                                                  01/25/2024 19:44:42 PAGE 1   


C51 COMPILER V9.54, COMPILATION OF MODULE MAIN
OBJECT MODULE PLACED IN .\Objects\main.obj
COMPILER INVOKED BY: F:\Keil5\C51\BIN\C51.EXE main.c OPTIMIZE(8,SPEED) BROWSE DEBUG OBJECTEXTEND PRINT(.\Listings\main.l
                    -st) OBJECT(.\Objects\main.obj)

line level    source

   1          #include <REGF51RC.H>
   2          
   3          void Delay(unsigned int n)              //@11.0592MHz
   4          {
   5   1              unsigned char i, j;
   6   1      
   7   1              while(n --)
   8   1              {
   9   2                      i = 2;
  10   2                      j = 199;
  11   2                      do
  12   2                      {
  13   3                              while (--j);
  14   3                      } while (--i);
  15   2              }
  16   1      }
  17          
  18          int main()
  19          {
  20   1              while(1)
  21   1              {
  22   2                      if( P3_1 == 0 )
  23   2                      {
  24   3                              // 按键消抖过程
  25   3                              Delay(20);
  26   3                              while( P3_1 == 0 );
  27   3                              Delay(20);
  28   3                              
  29   3                              P2_0 = ~P2_0;
  30   3                      }
  31   2              }
  32   1      }


MODULE INFORMATION:   STATIC OVERLAYABLE
   CODE SIZE        =     45    ----
   CONSTANT SIZE    =   ----    ----
   XDATA SIZE       =   ----    ----
   PDATA SIZE       =   ----    ----
   DATA SIZE        =   ----    ----
   IDATA SIZE       =   ----    ----
   BIT SIZE         =   ----    ----
END OF MODULE INFORMATION.


C51 COMPILATION COMPLETE.  0 WARNING(S),  0 ERROR(S)
