C51 COMPILER V9.54   INT0                                                                  02/02/2024 21:28:18 PAGE 1   


C51 COMPILER V9.54, COMPILATION OF MODULE INT0
OBJECT MODULE PLACED IN .\Objects\Int0.obj
COMPILER INVOKED BY: F:\Keil5\C51\BIN\C51.EXE Int0.c OPTIMIZE(8,SPEED) BROWSE DEBUG OBJECTEXTEND PRINT(.\Listings\Int0.l
                    -st) OBJECT(.\Objects\Int0.obj)

line level    source

   1          #include <REGF51RC.H>
   2          
   3          void Int0_Init()
   4          {
   5   1              IT0 = 1; // 下降沿
   6   1              IE0 = 0;
   7   1              EX0 = 1;
   8   1              EA = 1;
   9   1              PX0 = 1; // 高优先级中断
  10   1      }
  11          
  12          /* 外部中断函数
  13          void hanser() interrupt 0
  14          {
  15          
  16          }
  17          */


MODULE INFORMATION:   STATIC OVERLAYABLE
   CODE SIZE        =     11    ----
   CONSTANT SIZE    =   ----    ----
   XDATA SIZE       =   ----    ----
   PDATA SIZE       =   ----    ----
   DATA SIZE        =   ----    ----
   IDATA SIZE       =   ----    ----
   BIT SIZE         =   ----    ----
END OF MODULE INFORMATION.


C51 COMPILATION COMPLETE.  0 WARNING(S),  0 ERROR(S)
