C51 COMPILER V9.54   MAIN                                                                  02/02/2024 21:35:09 PAGE 1   


C51 COMPILER V9.54, COMPILATION OF MODULE MAIN
OBJECT MODULE PLACED IN .\Objects\main.obj
COMPILER INVOKED BY: F:\Keil5\C51\BIN\C51.EXE main.c OPTIMIZE(8,SPEED) BROWSE DEBUG OBJECTEXTEND PRINT(.\Listings\main.l
                    -st) OBJECT(.\Objects\main.obj)

line level    source

   1          #include <REGF51RC.H>
   2          #include "Delay.h"
   3          #include "Motor.h"
   4          #include "Seg.h"
   5          #include "IR.h"
   6          
   7          unsigned char Command, SpeedMode;
   8          
   9          int main()
  10          {
  11   1              Moter_Init();
  12   1              IR_Init();
  13   1              
  14   1              while(1)
  15   1              {
  16   2                      if(IR_GetDataFlag())
  17   2                      {
  18   3                              Command = IR_GetCommand();
  19   3                              
  20   3                              if(Command == IR_0) SpeedMode = 0;
  21   3                              if(Command == IR_1) SpeedMode = 1;
  22   3                              if(Command == IR_2) SpeedMode = 2;
  23   3                              if(Command == IR_3) SpeedMode = 3;
  24   3                              if(Command == IR_4) SpeedMode = 4;
  25   3                              
  26   3                              if(SpeedMode == 0) Motor_SetSpeed(0);
  27   3                              if(SpeedMode == 1) Motor_SetSpeed(25);
  28   3                              if(SpeedMode == 2) Motor_SetSpeed(50);
  29   3                              if(SpeedMode == 3) Motor_SetSpeed(75);
  30   3                              if(SpeedMode == 4) Motor_SetSpeed(100);
  31   3                      }
  32   2                      
  33   2                      seg(1, SpeedMode);
  34   2              }
  35   1      }


MODULE INFORMATION:   STATIC OVERLAYABLE
   CODE SIZE        =    117    ----
   CONSTANT SIZE    =   ----    ----
   XDATA SIZE       =   ----    ----
   PDATA SIZE       =   ----    ----
   DATA SIZE        =      2    ----
   IDATA SIZE       =   ----    ----
   BIT SIZE         =   ----    ----
END OF MODULE INFORMATION.


C51 COMPILATION COMPLETE.  0 WARNING(S),  0 ERROR(S)
