C51 COMPILER V9.54   MOTOR                                                                 02/02/2024 21:28:19 PAGE 1   


C51 COMPILER V9.54, COMPILATION OF MODULE MOTOR
OBJECT MODULE PLACED IN .\Objects\Motor.obj
COMPILER INVOKED BY: F:\Keil5\C51\BIN\C51.EXE Motor.c OPTIMIZE(8,SPEED) BROWSE DEBUG OBJECTEXTEND PRINT(.\Listings\Motor
                    -.lst) OBJECT(.\Objects\Motor.obj)

line level    source

   1          #include <REGF51RC.H>
   2          #include "Timer1.h"
   3          
   4          sbit Motor = P1^0;
   5          
   6          unsigned char Counter, Compare;
   7          
   8          void Moter_Init()
   9          {
  10   1              Timer1_Init();
  11   1      }
  12          
  13          void Motor_SetSpeed(unsigned char Speed)
  14          {
  15   1              Compare = Speed;
  16   1      }
  17          
  18          void Timer1() interrupt 3
  19          {
  20   1              TL1 = 0xA4;             
  21   1              TH1 = 0xFF;     
  22   1              Counter ++; // 100us ×ÔÔö + 1
  23   1              Counter %= 100; // Counter <= 100
  24   1              
  25   1              // PWM 
  26   1              if(Counter < Compare) Motor = 1;
  27   1              else Motor = 0;
  28   1      }


MODULE INFORMATION:   STATIC OVERLAYABLE
   CODE SIZE        =     49    ----
   CONSTANT SIZE    =   ----    ----
   XDATA SIZE       =   ----    ----
   PDATA SIZE       =   ----    ----
   DATA SIZE        =      2    ----
   IDATA SIZE       =   ----    ----
   BIT SIZE         =   ----    ----
END OF MODULE INFORMATION.


C51 COMPILATION COMPLETE.  0 WARNING(S),  0 ERROR(S)
