C51 COMPILER V9.54   SEG                                                                   02/01/2024 12:53:41 PAGE 1   


C51 COMPILER V9.54, COMPILATION OF MODULE SEG
OBJECT MODULE PLACED IN .\Objects\Seg.obj
COMPILER INVOKED BY: F:\Keil5\C51\BIN\C51.EXE Seg.c OPTIMIZE(8,SPEED) BROWSE DEBUG OBJECTEXTEND PRINT(.\Listings\Seg.lst
                    -) OBJECT(.\Objects\Seg.obj)

line level    source

   1          #include <REGF51RC.H>
   2          #include "Delay.h"
   3          
   4          unsigned char segment[] = {0x3F,0x06,0x5B,0x4F,0x66,0x6D,0x7D,0x07,0x7F,
   5                                                                          0x6F,0x77,0x7C,0x39,0x5E,0x79,0x71,0x00};
   6          
   7          /* seg: 多位数码管显示函数
   8                  segsel: 段选信号, [1, 8]
   9                  number: 位选信号, [0, 9]
  10          */
  11          void seg(unsigned char segsel, number)
  12          {
  13   1              // 位选信号 segsel( 通过控制 P2 寄存器实现)
  14   1              switch(segsel)
  15   1              {
  16   2                      case 1: P2_4 = 1, P2_3 = 1, P2_2 = 1; break;
  17   2                      case 2: P2_4 = 1, P2_3 = 1, P2_2 = 0; break;
  18   2                      case 3: P2_4 = 1, P2_3 = 0, P2_2 = 1; break;
  19   2                      case 4: P2_4 = 1, P2_3 = 0, P2_2 = 0; break;
  20   2                      case 5: P2_4 = 0, P2_3 = 1, P2_2 = 1; break;
  21   2                      case 6: P2_4 = 0, P2_3 = 1, P2_2 = 0; break;
  22   2                      case 7: P2_4 = 0, P2_3 = 0, P2_2 = 1; break;
  23   2                      case 8: P2_4 = 0, P2_3 = 0, P2_2 = 0; break;
  24   2              }
  25   1              
  26   1              // 段选信号 segment(通过控制 P0 寄存器实现)
  27   1              P0 = segment[number];
  28   1              
  29   1              // 消影
  30   1              //Delay(1); // 为了数字稳定显示
  31   1              //P0 = 0x00; // 清零
  32   1      }


MODULE INFORMATION:   STATIC OVERLAYABLE
   CODE SIZE        =     99    ----
   CONSTANT SIZE    =   ----    ----
   XDATA SIZE       =   ----    ----
   PDATA SIZE       =   ----    ----
   DATA SIZE        =     17    ----
   IDATA SIZE       =   ----    ----
   BIT SIZE         =   ----    ----
END OF MODULE INFORMATION.


C51 COMPILATION COMPLETE.  0 WARNING(S),  0 ERROR(S)
