C51 COMPILER V9.54   TIMER1                                                                02/02/2024 21:22:35 PAGE 1   


C51 COMPILER V9.54, COMPILATION OF MODULE TIMER1
OBJECT MODULE PLACED IN .\Objects\Timer1.obj
COMPILER INVOKED BY: F:\Keil5\C51\BIN\C51.EXE Timer1.c OPTIMIZE(8,SPEED) BROWSE DEBUG OBJECTEXTEND PRINT(.\Listings\Time
                    -r1.lst) OBJECT(.\Objects\Timer1.obj)

line level    source

   1          #include <REGF51RC.H>
   2          
   3          void Timer1_Init()       //@11.0592MHz
   4          {
   5   1              // TMOD = 0x01 经典初始化
   6   1              TMOD &= 0x0F;
   7   1              TMOD |= 0x10;
   8   1              
   9   1              // TCON
  10   1              TF1 = 0; // 溢出标志, 1 表示溢出, 产生中断 
  11   1              TR1 = 1; // 使能定时器 
  12   1              
  13   1              // 计数单元, 赋初值, 计 100us 
  14   1              TL1 = 0xA4;             
  15   1              TH1 = 0xFF;             
  16   1              
  17   1              //中断系统
  18   1              ET1=1; // 定时中断使能 
  19   1              EA=1; // 中断总开关使能 
  20   1              PT1=0; // 优先级设置 
  21   1      }
  22          
  23          /* 计数器中断模板
  24                  unsigned int Count;
  25                  void Timer1() interrupt 3
  26                  {
  27                          TL1 = 0x66;     
  28                          TH1 = 0xFC;     
  29                          Count++;
  30                          if(Count >= 1000)
  31                          {
  32                                  Count = 0;
  33                                  P2_0 = ~P2_0;
  34                          }
  35                  }
  36          */


MODULE INFORMATION:   STATIC OVERLAYABLE
   CODE SIZE        =     23    ----
   CONSTANT SIZE    =   ----    ----
   XDATA SIZE       =   ----    ----
   PDATA SIZE       =   ----    ----
   DATA SIZE        =   ----    ----
   IDATA SIZE       =   ----    ----
   BIT SIZE         =   ----    ----
END OF MODULE INFORMATION.


C51 COMPILATION COMPLETE.  0 WARNING(S),  0 ERROR(S)
