C51 COMPILER V9.54   MAIN                                                                  01/26/2024 08:44:42 PAGE 1   


C51 COMPILER V9.54, COMPILATION OF MODULE MAIN
OBJECT MODULE PLACED IN .\Objects\main.obj
COMPILER INVOKED BY: F:\Keil5\C51\BIN\C51.EXE main.c OPTIMIZE(8,SPEED) BROWSE DEBUG OBJECTEXTEND PRINT(.\Listings\main.l
                    -st) OBJECT(.\Objects\main.obj)

line level    source

   1          #include <REGF51RC.H>
   2          
   3          unsigned char segment[] = {0x3F,0x06,0x5B,0x4F,0x66,0x6D,0x7D,0x07,0x7F,
   4                                                                          0x6F,0x77,0x7C,0x39,0x5E,0x79,0x71,0x00};
   5          
   6          /* seg: 1 位数码管显示函数
   7                  segsel: 段选信号, [1, 8]
   8                  number: 位选信号, [0, 9]
   9          */
  10          void seg(unsigned char segsel, number)
  11          {
  12   1              // 位选信号 segsel( 通过控制 P2 寄存器实现)
  13   1              switch(segsel)
  14   1              {
  15   2                      case 1: P2_4 = 1, P2_3 = 1, P2_2 = 1; break;
  16   2                      case 2: P2_4 = 1, P2_3 = 1, P2_2 = 0; break;
  17   2                      case 3: P2_4 = 1, P2_3 = 0, P2_2 = 1; break;
  18   2                      case 4: P2_4 = 1, P2_3 = 0, P2_2 = 0; break;
  19   2                      case 5: P2_4 = 0, P2_3 = 1, P2_2 = 1; break;
  20   2                      case 6: P2_4 = 0, P2_3 = 1, P2_2 = 0; break;
  21   2                      case 7: P2_4 = 0, P2_3 = 0, P2_2 = 1; break;
  22   2                      case 8: P2_4 = 0, P2_3 = 0, P2_2 = 0; break;
  23   2              }
  24   1              
  25   1              // 段选信号 segment(通过控制 P0 寄存器实现)
  26   1              P0 = segment[number];
  27   1      }
  28          
  29          int main()
  30          {
  31   1              seg(1, 3); // 第 1 位显示数字 3
  32   1              
  33   1              while(1)
  34   1              {
  35   2                      
  36   2              }
  37   1      }


MODULE INFORMATION:   STATIC OVERLAYABLE
   CODE SIZE        =    110    ----
   CONSTANT SIZE    =   ----    ----
   XDATA SIZE       =   ----    ----
   PDATA SIZE       =   ----    ----
   DATA SIZE        =     17    ----
   IDATA SIZE       =   ----    ----
   BIT SIZE         =   ----    ----
END OF MODULE INFORMATION.


C51 COMPILATION COMPLETE.  0 WARNING(S),  0 ERROR(S)
