C51 COMPILER V9.54   MAIN                                                                  01/30/2024 12:19:37 PAGE 1   


C51 COMPILER V9.54, COMPILATION OF MODULE MAIN
OBJECT MODULE PLACED IN .\Objects\main.obj
COMPILER INVOKED BY: F:\Keil5\C51\BIN\C51.EXE main.c OPTIMIZE(8,SPEED) BROWSE DEBUG OBJECTEXTEND PRINT(.\Listings\main.l
                    -st) OBJECT(.\Objects\main.obj)

line level    source

   1          #include <REGF51RC.H>
   2          #include "Delay.h"
   3          #include "Key.h"
   4          #include "LCD1602.h"
   5          #include "I2C.h"
   6          #include "AT24C02.h"
   7          
   8          unsigned char KeyNum;
   9          unsigned int number;
  10          
  11          int main()
  12          {
  13   1              LCD_Init();
  14   1              LCD_ShowNum(1, 1, number, 5);
  15   1              while(1)
  16   1              {
  17   2                      KeyNum = Key();
  18   2                      
  19   2                      if(KeyNum == 1)
  20   2                      {
  21   3                              number ++;
  22   3                              LCD_ShowNum(1, 1, number, 5);
  23   3                      }
  24   2                      if(KeyNum == 2)
  25   2                      {
  26   3                              number --;
  27   3                              LCD_ShowNum(1, 1, number, 5);
  28   3                      }
  29   2                      if(KeyNum == 3)
  30   2                      {
  31   3                              AT24C02_WriteByte(0, number % 256); // 16位数据
  32   3                              Delay(5);
  33   3                              AT24C02_WriteByte(1, number / 256);
  34   3                              Delay(5);
  35   3                              LCD_ShowString(2, 1, "Write OK");
  36   3                              Delay(1000);
  37   3                              LCD_ShowString(2, 1, "        ");
  38   3                      }
  39   2                      if(KeyNum == 4)
  40   2                      {
  41   3                              number = AT24C02_ReadByte(0); // 16位数据
  42   3                              number |= AT24C02_ReadByte(1) << 8;
  43   3                              LCD_ShowNum(1, 1, number, 5);
  44   3                              LCD_ShowString(2, 1, "Read OK");
  45   3                              Delay(1000);
  46   3                              LCD_ShowString(2, 1, "       ");
  47   3                      }
  48   2              }
  49   1      }


MODULE INFORMATION:   STATIC OVERLAYABLE
   CODE SIZE        =    223    ----
   CONSTANT SIZE    =     34    ----
C51 COMPILER V9.54   MAIN                                                                  01/30/2024 12:19:37 PAGE 2   

   XDATA SIZE       =   ----    ----
   PDATA SIZE       =   ----    ----
   DATA SIZE        =      3    ----
   IDATA SIZE       =   ----    ----
   BIT SIZE         =   ----    ----
END OF MODULE INFORMATION.


C51 COMPILATION COMPLETE.  0 WARNING(S),  0 ERROR(S)
