C51 COMPILER V9.54   KEY                                                                   01/28/2024 19:39:44 PAGE 1   


C51 COMPILER V9.54, COMPILATION OF MODULE KEY
OBJECT MODULE PLACED IN .\Objects\Key.obj
COMPILER INVOKED BY: F:\Keil5\C51\BIN\C51.EXE Key.c OPTIMIZE(8,SPEED) BROWSE DEBUG OBJECTEXTEND PRINT(.\Listings\Key.lst
                    -) OBJECT(.\Objects\Key.obj)

line level    source

   1          #include <REGF51RC.H>
   2          #include "Delay.h"
   3          
   4          unsigned char Key()
   5          {
   6   1              unsigned char Keynum = 0;
   7   1              
   8   1              if(P3_1 == 0) {Delay(20); while(P3_1 == 0); Delay(20); Keynum = 1;}
   9   1              if(P3_0 == 0) {Delay(20); while(P3_0 == 0); Delay(20); Keynum = 2;}
  10   1              if(P3_2 == 0) {Delay(20); while(P3_2 == 0); Delay(20); Keynum = 3;}
  11   1              if(P3_3 == 0) {Delay(20); while(P3_3 == 0); Delay(20); Keynum = 4;}
  12   1              
  13   1              return Keynum;
  14   1      }


MODULE INFORMATION:   STATIC OVERLAYABLE
   CODE SIZE        =     97    ----
   CONSTANT SIZE    =   ----    ----
   XDATA SIZE       =   ----    ----
   PDATA SIZE       =   ----    ----
   DATA SIZE        =   ----       1
   IDATA SIZE       =   ----    ----
   BIT SIZE         =   ----    ----
END OF MODULE INFORMATION.


C51 COMPILATION COMPLETE.  0 WARNING(S),  0 ERROR(S)
