C51 COMPILER V9.54   MAIN                                                                  01/28/2024 19:54:38 PAGE 1   


C51 COMPILER V9.54, COMPILATION OF MODULE MAIN
OBJECT MODULE PLACED IN .\Objects\main.obj
COMPILER INVOKED BY: F:\Keil5\C51\BIN\C51.EXE main.c OPTIMIZE(8,SPEED) BROWSE DEBUG OBJECTEXTEND PRINT(.\Listings\main.l
                    -st) OBJECT(.\Objects\main.obj)

line level    source

   1          #include <REGF51RC.H>
   2          #include "Key.h"
   3          #include "Seg.h"
   4          #include "Buzzer.h"
   5          
   6          unsigned char KeyNum;
   7          
   8          int main()
   9          {
  10   1              seg(1, 0);
  11   1              while(1)
  12   1              {
  13   2                      KeyNum = Key();
  14   2                      
  15   2                      if(KeyNum)
  16   2                      {
  17   3                              Buzzer_Time(100);
  18   3                              seg(1, KeyNum);
  19   3                      }
  20   2              }
  21   1      }


MODULE INFORMATION:   STATIC OVERLAYABLE
   CODE SIZE        =     36    ----
   CONSTANT SIZE    =   ----    ----
   XDATA SIZE       =   ----    ----
   PDATA SIZE       =   ----    ----
   DATA SIZE        =      1    ----
   IDATA SIZE       =   ----    ----
   BIT SIZE         =   ----    ----
END OF MODULE INFORMATION.


C51 COMPILATION COMPLETE.  0 WARNING(S),  0 ERROR(S)
