C51 COMPILER V9.54   MAIN                                                                  02/02/2024 12:30:35 PAGE 1   


C51 COMPILER V9.54, COMPILATION OF MODULE MAIN
OBJECT MODULE PLACED IN .\Objects\main.obj
COMPILER INVOKED BY: F:\Keil5\C51\BIN\C51.EXE main.c OPTIMIZE(8,SPEED) BROWSE DEBUG OBJECTEXTEND PRINT(.\Listings\main.l
                    -st) OBJECT(.\Objects\main.obj)

line level    source

   1          #include <REGF51RC.H>
   2          #include "Delay.h"
   3          #include "Timer.h"
   4          #include "Seg.h"
   5          #include "Key.h"
   6          
   7          sbit DA_LED = P2^1;
   8          
   9          unsigned char Counter, Compare;
  10          unsigned char i;
  11          
  12          int main()
  13          {
  14   1              Timer_Init();
  15   1              while(1)
  16   1              {
  17   2                      for(i = 0; i < 100; i ++)
  18   2                      {
  19   3                              Compare = i;
  20   3                              Delay(10);
  21   3                      }
  22   2                      for(i = 100; i > 0; i --)
  23   2                      {
  24   3                              Compare = i;
  25   3                              Delay(10);
  26   3                      }
  27   2              }
  28   1      }
  29          
  30          void hanser() interrupt 1
  31          {
  32   1              TL0 = 0xA4;             
  33   1              TH0 = 0xFF;     
  34   1              Counter ++; // 100us ×ÔÔö + 1
  35   1              Counter %= 100; // Counter <= 100
  36   1              
  37   1              // PWM 
  38   1              if(Counter < Compare) DA_LED = 1;
  39   1              else DA_LED = 0;
  40   1      }


MODULE INFORMATION:   STATIC OVERLAYABLE
   CODE SIZE        =     92    ----
   CONSTANT SIZE    =   ----    ----
   XDATA SIZE       =   ----    ----
   PDATA SIZE       =   ----    ----
   DATA SIZE        =      3    ----
   IDATA SIZE       =   ----    ----
   BIT SIZE         =   ----    ----
END OF MODULE INFORMATION.


C51 COMPILATION COMPLETE.  0 WARNING(S),  0 ERROR(S)
