C51 COMPILER V9.54   DS1302                                                                01/28/2024 13:32:37 PAGE 1   


C51 COMPILER V9.54, COMPILATION OF MODULE DS1302
OBJECT MODULE PLACED IN .\Objects\DS1302.obj
COMPILER INVOKED BY: F:\Keil5\C51\BIN\C51.EXE DS1302.c OPTIMIZE(8,SPEED) BROWSE DEBUG OBJECTEXTEND PRINT(.\Listings\DS13
                    -02.lst) OBJECT(.\Objects\DS1302.obj)

line level    source

   1          #include <REGF51RC.H>
   2          
   3          sbit DS1302_SCLK = P3^6;
   4          sbit DS1302_IO = P3^4;
   5          sbit DS1302_CE = P3^5;
   6          
   7          // 时间寄存器写地址
   8          #define DS1302_SECOND           0x80
   9          #define DS1302_MINUTE           0x82
  10          #define DS1302_HOUR                     0x84
  11          #define DS1302_DATE                     0x86
  12          #define DS1302_MONTH            0x88
  13          #define DS1302_DAY                      0x8A
  14          #define DS1302_YEAR                     0x8C
  15          #define DS1302_WP                       0x8E
  16          
  17          char time[] = {24, 1, 28, 14, 0, 0}; // 从 DS1302 读出的 BCD码 时间数据
  18          
  19          void DS1302_Init() 
  20          {
  21   1              DS1302_CE = 0;
  22   1              DS1302_SCLK = 0;
  23   1      }
  24          
  25          /* 写入一个字节函数
  26                  1、CE = 1
  27                  2、低位先行
  28                  3、先把数据放在IO线上, 然后上升沿写入
  29                  4、CE = 0
  30          */
  31          void DS1302_WriteByte(unsigned char Command, Data)
  32          {
  33   1              unsigned char i;
  34   1              DS1302_CE = 1;
  35   1              
  36   1              // 模拟时序图
  37   1              for(i = 0; i < 8; i ++)
  38   1              {
  39   2                      DS1302_IO = Command & (0x01 << i);
  40   2                      DS1302_SCLK = 1; // 不用在后面加延时, 因为51运行速度较慢
  41   2                      DS1302_SCLK = 0;
  42   2              }
  43   1              
  44   1              for(i = 0; i < 8; i ++)
  45   1              {
  46   2                      DS1302_IO = Data & (0x01 << i);
  47   2                      DS1302_SCLK = 1;
  48   2                      DS1302_SCLK = 0;
  49   2              }
  50   1              
  51   1              DS1302_CE = 0;
  52   1      }
  53          
  54          /* 读出一个字节
C51 COMPILER V9.54   DS1302                                                                01/28/2024 13:32:37 PAGE 2   

  55                  1、CE = 1
  56                  2、低位先行
  57                  3、先把数据放在IO线上, 上升沿写入, 下降沿读出
  58                  4、CE = 0
  59          */
  60          unsigned char DS1302_ReadByte(unsigned char Command)
  61          {
  62   1              unsigned char i, Data = 0x00;
  63   1              
  64   1              Command |= 0x01; // 写地址 → 读地址
  65   1              DS1302_CE = 1;
  66   1              
  67   1              // 模拟时序图
  68   1              for(i = 0; i < 8; i ++)
  69   1              {
  70   2                      DS1302_IO = Command & (0x01 << i);
  71   2                      DS1302_SCLK = 0;
  72   2                      DS1302_SCLK = 1;
  73   2              }
  74   1              
  75   1              for(i = 0; i < 8; i ++)
  76   1              {
  77   2                      DS1302_SCLK = 1; // 特别注意
  78   2                      DS1302_SCLK = 0;
  79   2                      if(DS1302_IO) Data |= (0x01 << i);
  80   2              }
  81   1              
  82   1              DS1302_CE = 0;
  83   1              DS1302_IO = 0; // 关键
  84   1              return Data;
  85   1      }
  86          
  87          void DS1302_SetTime() // 设置初始时间
  88          {
  89   1              DS1302_WriteByte(DS1302_WP, 0x00); // 关闭写保护
  90   1              
  91   1              DS1302_WriteByte(DS1302_YEAR,  time[0]/10 * 16 + time[0]%10); // 年
  92   1              DS1302_WriteByte(DS1302_MONTH, time[1]/10 * 16 + time[1]%10); // 月
  93   1              DS1302_WriteByte(DS1302_DATE,  time[2]/10 * 16 + time[2]%10); // 日
  94   1              DS1302_WriteByte(DS1302_HOUR,  time[3]/10 * 16 + time[3]%10); // 时
  95   1              DS1302_WriteByte(DS1302_MINUTE,time[4]/10 * 16 + time[4]%10); // 分
  96   1              DS1302_WriteByte(DS1302_SECOND,time[5]/10 * 16 + time[5]%10); // 秒
  97   1              
  98   1              DS1302_WriteByte(DS1302_WP,0x80); // 开启写保护
  99   1      }
 100          
 101          void DS1302_ReadTime() // 读出完整时间
 102          {
 103   1              unsigned char Temp;
 104   1              Temp = DS1302_ReadByte(DS1302_YEAR);
 105   1              time[0] = Temp/16 * 10 + Temp%16;
 106   1              Temp = DS1302_ReadByte(DS1302_MONTH);
 107   1              time[1] = Temp/16 * 10 + Temp%16;
 108   1              Temp=DS1302_ReadByte(DS1302_DATE);
 109   1              time[2] = Temp/16 * 10 + Temp%16;
 110   1              Temp = DS1302_ReadByte(DS1302_HOUR);
 111   1              time[3] = Temp/16 * 10 + Temp%16;
 112   1              Temp = DS1302_ReadByte(DS1302_MINUTE);
 113   1              time[4] = Temp/16 * 10 + Temp%16;
 114   1              Temp = DS1302_ReadByte(DS1302_SECOND);
 115   1              time[5] = Temp/16 * 10 + Temp%16;
 116   1      }
C51 COMPILER V9.54   DS1302                                                                01/28/2024 13:32:37 PAGE 3   



MODULE INFORMATION:   STATIC OVERLAYABLE
   CODE SIZE        =    621    ----
   CONSTANT SIZE    =   ----    ----
   XDATA SIZE       =   ----    ----
   PDATA SIZE       =   ----    ----
   DATA SIZE        =      6       2
   IDATA SIZE       =   ----    ----
   BIT SIZE         =   ----    ----
END OF MODULE INFORMATION.


C51 COMPILATION COMPLETE.  0 WARNING(S),  0 ERROR(S)
