C51 COMPILER V9.54   MAIN                                                                  01/28/2024 13:32:37 PAGE 1   


C51 COMPILER V9.54, COMPILATION OF MODULE MAIN
OBJECT MODULE PLACED IN .\Objects\main.obj
COMPILER INVOKED BY: F:\Keil5\C51\BIN\C51.EXE main.c OPTIMIZE(8,SPEED) BROWSE DEBUG OBJECTEXTEND PRINT(.\Listings\main.l
                    -st) OBJECT(.\Objects\main.obj)

line level    source

   1          #include <REGF51RC.H>
   2          #include "LCD1602.h"
   3          #include "DS1302.h"
   4          #include "Delay.h"
   5          
   6          int main()
   7          {
   8   1              LCD_Init();
   9   1              DS1302_Init();
  10   1              DS1302_SetTime();
  11   1              
  12   1              LCD_ShowString(1, 1, "20  -  -");
  13   1              LCD_ShowString(2, 1, "  :  :");
  14   1              while(1)
  15   1              {
  16   2                      DS1302_ReadTime();
  17   2                      
  18   2                      LCD_ShowNum(1, 3, time[0], 2);
  19   2                      LCD_ShowNum(1, 6, time[1], 2);
  20   2                      LCD_ShowNum(1, 9, time[2], 2);
  21   2                      
  22   2                      LCD_ShowNum(2, 1, time[3], 2);
  23   2                      LCD_ShowNum(2, 4, time[4], 2);
  24   2                      LCD_ShowNum(2, 7, time[5], 2);
  25   2              }
  26   1      }


MODULE INFORMATION:   STATIC OVERLAYABLE
   CODE SIZE        =    142    ----
   CONSTANT SIZE    =     16    ----
   XDATA SIZE       =   ----    ----
   PDATA SIZE       =   ----    ----
   DATA SIZE        =   ----    ----
   IDATA SIZE       =   ----    ----
   BIT SIZE         =   ----    ----
END OF MODULE INFORMATION.


C51 COMPILATION COMPLETE.  0 WARNING(S),  0 ERROR(S)
