C51 COMPILER V9.54   MAIN                                                                  01/27/2024 10:06:10 PAGE 1   


C51 COMPILER V9.54, COMPILATION OF MODULE MAIN
OBJECT MODULE PLACED IN .\Objects\main.obj
COMPILER INVOKED BY: F:\Keil5\C51\BIN\C51.EXE main.c OPTIMIZE(8,SPEED) BROWSE DEBUG OBJECTEXTEND PRINT(.\Listings\main.l
                    -st) OBJECT(.\Objects\main.obj)

line level    source

   1          #include <REGF51RC.H>
   2          #include "Timer_Init.h"
   3          #include "Delay.h"
   4          #include "Key.h"
*** WARNING C318 IN LINE 4 OF main.c: can't open file 'Key.h'
   5          #include "LCD1602.h"
   6          
   7          unsigned char Second, Minute, Hour;
   8          
   9          int main()
  10          {
  11   1              Timer_Init();
  12   1              LCD_Init();
  13   1              LCD_ShowString(1, 1, "Clock");
  14   1              LCD_ShowString(2, 1, "  :  :");
  15   1      
  16   1              while(1)
  17   1              {
  18   2                      LCD_ShowNum(2, 1, Hour, 2);
  19   2                      LCD_ShowNum(2, 4, Minute, 2);
  20   2                      LCD_ShowNum(2, 7, Second, 2);
  21   2              }
  22   1      }
  23          
  24          unsigned int Count;
  25          void hanser() interrupt 1
  26          {
  27   1              // 每次进入中断都要重新赋初值, 因为 init 函数只执行一次
  28   1              TL0 = 0x66;     
  29   1              TH0 = 0xFC;     
  30   1              
  31   1              // 计数到 1s
  32   1              Count++;
  33   1              if(Count >= 1000)
  34   1              {
  35   2                      Count = 0;
  36   2                      
  37   2                      Second ++;
  38   2                      if(Second >= 60)
  39   2                      {
  40   3                              Second = 0;
  41   3                              Minute ++;
  42   3                              
  43   3                              if(Minute >= 60)
  44   3                              {
  45   4                                      Minute = 0;
  46   4                                      Hour ++;
  47   4                                      
  48   4                                      if(Hour >= 24) Hour = 0;
  49   4                              }
  50   3                      }
  51   2              }
  52   1      }
  53          
C51 COMPILER V9.54   MAIN                                                                  01/27/2024 10:06:10 PAGE 2   



MODULE INFORMATION:   STATIC OVERLAYABLE
   CODE SIZE        =    150    ----
   CONSTANT SIZE    =     13    ----
   XDATA SIZE       =   ----    ----
   PDATA SIZE       =   ----    ----
   DATA SIZE        =      5    ----
   IDATA SIZE       =   ----    ----
   BIT SIZE         =   ----    ----
END OF MODULE INFORMATION.


C51 COMPILATION COMPLETE.  1 WARNING(S),  0 ERROR(S)
