C51 COMPILER V9.54   MAIN                                                                  02/01/2024 12:31:53 PAGE 1   


C51 COMPILER V9.54, COMPILATION OF MODULE MAIN
OBJECT MODULE PLACED IN .\Objects\main.obj
COMPILER INVOKED BY: F:\Keil5\C51\BIN\C51.EXE main.c OPTIMIZE(8,SPEED) BROWSE DEBUG OBJECTEXTEND PRINT(.\Listings\main.l
                    -st) OBJECT(.\Objects\main.obj)

line level    source

   1          #include <REGF51RC.H>
   2          
   3          void Delay(unsigned char t)
   4          {
   5   1              while(t --);
   6   1      }
   7          
   8          int main()
   9          {
  10   1              unsigned char time, i;
  11   1              while(1)
  12   1              {
  13   2                      for(time = 0; time < 100; time ++)
  14   2                      {
  15   3                              for(i = 0; i < 20; i ++)
  16   3                              {
  17   4                                      P2_0 = 0;
  18   4                                      Delay(time);
  19   4                                      P2_0 = 1;
  20   4                                      Delay(100 - time);
  21   4                              }
  22   3                      }
  23   2                      for(time = 100; time > 0; time --)
  24   2                      {
  25   3                              for(i = 0; i < 20; i ++)
  26   3                              {
  27   4                                      P2_0 = 0;
  28   4                                      Delay(time);
  29   4                                      P2_0 = 1;
  30   4                                      Delay(100 - time);
  31   4                              }
  32   3                      }
  33   2              }
  34   1      }


MODULE INFORMATION:   STATIC OVERLAYABLE
   CODE SIZE        =     56    ----
   CONSTANT SIZE    =   ----    ----
   XDATA SIZE       =   ----    ----
   PDATA SIZE       =   ----    ----
   DATA SIZE        =   ----    ----
   IDATA SIZE       =   ----    ----
   BIT SIZE         =   ----    ----
END OF MODULE INFORMATION.


C51 COMPILATION COMPLETE.  0 WARNING(S),  0 ERROR(S)
