C51 COMPILER V9.54   MAIN                                                                  01/31/2024 12:59:31 PAGE 1   


C51 COMPILER V9.54, COMPILATION OF MODULE MAIN
OBJECT MODULE PLACED IN .\Objects\main.obj
COMPILER INVOKED BY: F:\Keil5\C51\BIN\C51.EXE main.c OPTIMIZE(8,SPEED) BROWSE DEBUG OBJECTEXTEND PRINT(.\Listings\main.l
                    -st) OBJECT(.\Objects\main.obj)

line level    source

   1          #include <REGF51RC.H>
   2          #include "LCD1602.h"
   3          #include "OneWire.h"
   4          #include "DS18B20.h"
   5          
   6          float T;
   7          
   8          int main()
   9          {
  10   1              LCD_Init();
  11   1              LCD_ShowString(1, 1, "Temperature");
  12   1              LCD_ShowChar(2, 4, '.');
  13   1              while(1)
  14   1              {
  15   2                      DS18B20_ConvertT();
  16   2                      T = DS18B20_ReadT();
  17   2                      
  18   2                      if(T < 0)
  19   2                      {
  20   3                              LCD_ShowChar(2, 1, '-');
  21   3                              T = -T;
  22   3                      }
  23   2                      else LCD_ShowChar(2, 1, '+');
  24   2                      
  25   2                      LCD_ShowNum(2, 2, T, 2);
  26   2                      LCD_ShowNum(2, 5,(unsigned long) (T * 10000)%10000, 4);
  27   2              }
  28   1      }


MODULE INFORMATION:   STATIC OVERLAYABLE
   CODE SIZE        =    166    ----
   CONSTANT SIZE    =     12    ----
   XDATA SIZE       =   ----    ----
   PDATA SIZE       =   ----    ----
   DATA SIZE        =      4    ----
   IDATA SIZE       =   ----    ----
   BIT SIZE         =   ----    ----
END OF MODULE INFORMATION.


C51 COMPILATION COMPLETE.  0 WARNING(S),  0 ERROR(S)
