C51 COMPILER V9.54   AT24C02                                                               01/30/2024 12:41:23 PAGE 1   


C51 COMPILER V9.54, COMPILATION OF MODULE AT24C02
OBJECT MODULE PLACED IN .\Objects\AT24C02.obj
COMPILER INVOKED BY: F:\Keil5\C51\BIN\C51.EXE AT24C02.c OPTIMIZE(8,SPEED) BROWSE DEBUG OBJECTEXTEND PRINT(.\Listings\AT2
                    -4C02.lst) OBJECT(.\Objects\AT24C02.obj)

line level    source

   1          #include <REGF51RC.H>
   2          #include "I2C.h"
   3          
   4          #define AT24C02_Address 0xA0
   5          
   6          // 发送一帧
   7          void AT24C02_WriteByte(unsigned char WordAddress, Data)
   8          {
   9   1              I2C_Start();
  10   1              I2C_SendByte(AT24C02_Address);
  11   1              I2C_ReceiveACK();
  12   1              I2C_SendByte(WordAddress);
  13   1              I2C_ReceiveACK();
  14   1              I2C_SendByte(Data);
  15   1              I2C_ReceiveACK();
  16   1              I2C_Stop();
  17   1      }
  18          
  19          // 接收一帧
  20          unsigned char AT24C02_ReadByte(unsigned char WordAddress)
  21          {
  22   1              unsigned char Data;
  23   1              
  24   1              I2C_Start();
  25   1              I2C_SendByte(AT24C02_Address);
  26   1              I2C_ReceiveACK();
  27   1              I2C_SendByte(WordAddress);
  28   1              I2C_ReceiveACK();
  29   1              
  30   1              I2C_Start();
  31   1              I2C_SendByte(AT24C02_Address | 0x01);
  32   1              I2C_ReceiveACK();
  33   1              Data = I2C_ReceiveByte();
  34   1              I2C_SendACK(1);
  35   1              I2C_Stop();
  36   1              
  37   1              return Data;
  38   1      }


MODULE INFORMATION:   STATIC OVERLAYABLE
   CODE SIZE        =     84    ----
   CONSTANT SIZE    =   ----    ----
   XDATA SIZE       =   ----    ----
   PDATA SIZE       =   ----    ----
   DATA SIZE        =   ----       5
   IDATA SIZE       =   ----    ----
   BIT SIZE         =   ----    ----
END OF MODULE INFORMATION.


C51 COMPILATION COMPLETE.  0 WARNING(S),  0 ERROR(S)
