C51 COMPILER V9.54   MAIN                                                                  01/26/2024 17:02:22 PAGE 1   


C51 COMPILER V9.54, COMPILATION OF MODULE MAIN
OBJECT MODULE PLACED IN .\Objects\main.obj
COMPILER INVOKED BY: F:\Keil5\C51\BIN\C51.EXE main.c OPTIMIZE(8,SPEED) BROWSE DEBUG OBJECTEXTEND PRINT(.\Listings\main.l
                    -st) OBJECT(.\Objects\main.obj)

line level    source

   1          #include <REGF51RC.H>
   2          #include "Delay.h"
   3          #include "LCD1602.h"
   4          #include "MatrixKey.h"
   5          
   6          unsigned char Keynum;
   7          unsigned int Password;
   8          
   9          int main()
  10          {
  11   1              LCD_Init(); // LCD1602 初始化
  12   1              LCD_ShowString(1, 1, "Password:");
  13   1              while(1)
  14   1              {
  15   2                      // 不停地获取键码
  16   2                      Keynum = MatrixKey();
  17   2                      
  18   2                      // 表示按键按下
  19   2                      if(Keynum)
  20   2                      {
  21   3                              // 组建输入的密码
  22   3                              if(Keynum <= 10)
  23   3                              {
  24   4                                      Password *= 10;
  25   4                                      Password += Keynum % 10;
  26   4                                      LCD_ShowNum(2, 1, Password, 4);
  27   4                              }
  28   3                              
  29   3                              // 确认键
  30   3                              if(Keynum == 11) 
  31   3                              {
  32   4                                      if(Password == 2589) LCD_ShowString(1, 14, "OK ");
  33   4                                      else LCD_ShowString(1, 14, "ERR");
  34   4                                      Password = 0;
  35   4                                      LCD_ShowNum(2, 1, Password, 4);
  36   4                              }
  37   3                              
  38   3                              // 取消键
  39   3                              if(Keynum == 12)
  40   3                              {
  41   4                                      Password = 0;
  42   4                                      LCD_ShowNum(2, 1, Password, 4);
  43   4                              }
  44   3                      }
  45   2              }
  46   1      }


MODULE INFORMATION:   STATIC OVERLAYABLE
   CODE SIZE        =    158    ----
   CONSTANT SIZE    =     18    ----
   XDATA SIZE       =   ----    ----
   PDATA SIZE       =   ----    ----
   DATA SIZE        =      3    ----
C51 COMPILER V9.54   MAIN                                                                  01/26/2024 17:02:22 PAGE 2   

   IDATA SIZE       =   ----    ----
   BIT SIZE         =   ----    ----
END OF MODULE INFORMATION.


C51 COMPILATION COMPLETE.  0 WARNING(S),  0 ERROR(S)
