C51 COMPILER V9.54   MATRIXKEY                                                             01/26/2024 16:33:23 PAGE 1   


C51 COMPILER V9.54, COMPILATION OF MODULE MATRIXKEY
OBJECT MODULE PLACED IN .\Objects\MatrixKey.obj
COMPILER INVOKED BY: F:\Keil5\C51\BIN\C51.EXE MatrixKey.c OPTIMIZE(8,SPEED) BROWSE DEBUG OBJECTEXTEND PRINT(.\Listings\M
                    -atrixKey.lst) OBJECT(.\Objects\MatrixKey.obj)

line level    source

   1          #include <REGF51RC.H>
   2          #include "Delay.h"
   3          
   4          unsigned char MatrixKey()
   5          {
   6   1              unsigned char Keynum = 0;
   7   1              
   8   1              // 第 1 列
   9   1              P1 = 0xFF;
  10   1              P1_3 = 0;
  11   1              if(P1_7 == 0) {Delay(20); while(P1_7 == 0); Delay(20); Keynum = 1;}
  12   1              if(P1_6 == 0) {Delay(20); while(P1_6 == 0); Delay(20); Keynum = 5;}
  13   1              if(P1_5 == 0) {Delay(20); while(P1_5 == 0); Delay(20); Keynum = 9;}
  14   1              if(P1_4 == 0) {Delay(20); while(P1_4 == 0); Delay(20); Keynum = 13;}
  15   1              
  16   1              // 第 2 列
  17   1              P1 = 0xFF;
  18   1              P1_2 = 0;
  19   1              if(P1_7 == 0) {Delay(20); while(P1_7 == 0); Delay(20); Keynum = 2;}
  20   1              if(P1_6 == 0) {Delay(20); while(P1_6 == 0); Delay(20); Keynum = 6;}
  21   1              if(P1_5 == 0) {Delay(20); while(P1_5 == 0); Delay(20); Keynum = 10;}
  22   1              if(P1_4 == 0) {Delay(20); while(P1_4 == 0); Delay(20); Keynum = 14;}
  23   1              
  24   1              // 第 3 列
  25   1              P1 = 0xFF;
  26   1              P1_1 = 0;
  27   1              if(P1_7 == 0) {Delay(20); while(P1_7 == 0); Delay(20); Keynum = 3;}
  28   1              if(P1_6 == 0) {Delay(20); while(P1_6 == 0); Delay(20); Keynum = 7;}
  29   1              if(P1_5 == 0) {Delay(20); while(P1_5 == 0); Delay(20); Keynum = 11;}
  30   1              if(P1_4 == 0) {Delay(20); while(P1_4 == 0); Delay(20); Keynum = 15;}
  31   1              
  32   1              // 第 4 列
  33   1              P1 = 0xFF;
  34   1              P1_0 = 0;
  35   1              if(P1_7 == 0) {Delay(20); while(P1_7 == 0); Delay(20); Keynum = 4;}
  36   1              if(P1_6 == 0) {Delay(20); while(P1_6 == 0); Delay(20); Keynum = 8;}
  37   1              if(P1_5 == 0) {Delay(20); while(P1_5 == 0); Delay(20); Keynum = 12;}
  38   1              if(P1_4 == 0) {Delay(20); while(P1_4 == 0); Delay(20); Keynum = 16;}
  39   1              
  40   1              return Keynum;
  41   1      }
  42          


MODULE INFORMATION:   STATIC OVERLAYABLE
   CODE SIZE        =    393    ----
   CONSTANT SIZE    =   ----    ----
   XDATA SIZE       =   ----    ----
   PDATA SIZE       =   ----    ----
   DATA SIZE        =   ----       1
   IDATA SIZE       =   ----    ----
   BIT SIZE         =   ----    ----
END OF MODULE INFORMATION.


C51 COMPILATION COMPLETE.  0 WARNING(S),  0 ERROR(S)
