C51 COMPILER V9.54   MAIN                                                                  02/02/2024 21:00:35 PAGE 1   


C51 COMPILER V9.54, COMPILATION OF MODULE MAIN
OBJECT MODULE PLACED IN .\Objects\main.obj
COMPILER INVOKED BY: F:\Keil5\C51\BIN\C51.EXE main.c OPTIMIZE(8,SPEED) BROWSE DEBUG OBJECTEXTEND PRINT(.\Listings\main.l
                    -st) OBJECT(.\Objects\main.obj)

line level    source

   1          #include <REGF51RC.H>
   2          #include "Delay.h"
   3          #include "LCD1602.h"
   4          #include "IR.h"
   5          
   6          unsigned char Num;
   7          unsigned char Address, Command;
   8          
   9          int main()
  10          {
  11   1              LCD_Init();
  12   1              IR_Init();
  13   1              
  14   1              LCD_ShowString(1, 1, "ADD  Cmd  Num");
  15   1              while(1)
  16   1              {
  17   2                      if(IR_GetDataFlag() && IR_GetRepeatFlag())
  18   2                      {
  19   3                              Address = IR_GetAddress();
  20   3                              Command = IR_GetCommand();
  21   3                              
  22   3                              LCD_ShowNum(2, 1, Address, 3);
  23   3                              LCD_ShowNum(2, 6, Command, 3);
  24   3                              
  25   3                              if(Command == IR_VOL_MINUS) Num --;
  26   3                              else if(Command == IR_VOL_ADD) Num ++;
  27   3                              
  28   3                              LCD_ShowNum(2, 11, Num, 3);
  29   3                      }
  30   2              }
  31   1      }


MODULE INFORMATION:   STATIC OVERLAYABLE
   CODE SIZE        =    104    ----
   CONSTANT SIZE    =     14    ----
   XDATA SIZE       =   ----    ----
   PDATA SIZE       =   ----    ----
   DATA SIZE        =      3    ----
   IDATA SIZE       =   ----    ----
   BIT SIZE         =   ----    ----
END OF MODULE INFORMATION.


C51 COMPILATION COMPLETE.  0 WARNING(S),  0 ERROR(S)
