C51 COMPILER V9.54   MAIN                                                                  01/26/2024 08:57:51 PAGE 1   


C51 COMPILER V9.54, COMPILATION OF MODULE MAIN
OBJECT MODULE PLACED IN .\Objects\main.obj
COMPILER INVOKED BY: F:\Keil5\C51\BIN\C51.EXE main.c OPTIMIZE(8,SPEED) BROWSE DEBUG OBJECTEXTEND PRINT(.\Listings\main.l
                    -st) OBJECT(.\Objects\main.obj)

line level    source

   1          #include <REGF51RC.H>
   2          
   3          unsigned char segment[] = {0x3F,0x06,0x5B,0x4F,0x66,0x6D,0x7D,0x07,0x7F,
   4                                                                          0x6F,0x77,0x7C,0x39,0x5E,0x79,0x71,0x00};
   5                                          
   6          void Delay(unsigned int n)              //@11.0592MHz
   7          {
   8   1              unsigned char i, j;
   9   1      
  10   1              while(n --)
  11   1              {
  12   2                      i = 2;
  13   2                      j = 199;
  14   2                      do
  15   2                      {
  16   3                              while (--j);
  17   3                      } while (--i);
  18   2              }
  19   1      }
  20          
  21          /* seg: 1 位数码管显示函数
  22                  segsel: 段选信号, [1, 8]
  23                  number: 位选信号, [0, 9]
  24          */
  25          void seg(unsigned char segsel, number)
  26          {
  27   1              // 位选信号 segsel( 通过控制 P2 寄存器实现)
  28   1              switch(segsel)
  29   1              {
  30   2                      case 1: P2_4 = 1, P2_3 = 1, P2_2 = 1; break;
  31   2                      case 2: P2_4 = 1, P2_3 = 1, P2_2 = 0; break;
  32   2                      case 3: P2_4 = 1, P2_3 = 0, P2_2 = 1; break;
  33   2                      case 4: P2_4 = 1, P2_3 = 0, P2_2 = 0; break;
  34   2                      case 5: P2_4 = 0, P2_3 = 1, P2_2 = 1; break;
  35   2                      case 6: P2_4 = 0, P2_3 = 1, P2_2 = 0; break;
  36   2                      case 7: P2_4 = 0, P2_3 = 0, P2_2 = 1; break;
  37   2                      case 8: P2_4 = 0, P2_3 = 0, P2_2 = 0; break;
  38   2              }
  39   1              
  40   1              // 段选信号 segment(通过控制 P0 寄存器实现)
  41   1              P0 = segment[number];
  42   1              
  43   1              // 消影
  44   1              Delay(1); // 为了数字稳定显示
  45   1              P0 = 0x00;
  46   1      }
  47          
  48          int main()
  49          {
  50   1              while(1)
  51   1              {
  52   2                      seg(1, 6);
  53   2                      seg(2, 6);
  54   2                      seg(3, 6);
C51 COMPILER V9.54   MAIN                                                                  01/26/2024 08:57:51 PAGE 2   

  55   2                      seg(4, 6);
  56   2              }
  57   1      }


MODULE INFORMATION:   STATIC OVERLAYABLE
   CODE SIZE        =    164    ----
   CONSTANT SIZE    =   ----    ----
   XDATA SIZE       =   ----    ----
   PDATA SIZE       =   ----    ----
   DATA SIZE        =     17    ----
   IDATA SIZE       =   ----    ----
   BIT SIZE         =   ----    ----
END OF MODULE INFORMATION.


C51 COMPILATION COMPLETE.  0 WARNING(S),  0 ERROR(S)
