C51 COMPILER V9.54   MAIN                                                                  01/24/2024 21:46:46 PAGE 1   


C51 COMPILER V9.54, COMPILATION OF MODULE MAIN
OBJECT MODULE PLACED IN .\Objects\main.obj
COMPILER INVOKED BY: F:\Keil5\C51\BIN\C51.EXE main.c OPTIMIZE(8,SPEED) BROWSE DEBUG OBJECTEXTEND PRINT(.\Listings\main.l
                    -st) OBJECT(.\Objects\main.obj)

line level    source

   1          #include <REGF51RC.H>
   2          
   3          void Delayms(unsigned int n)            //@11.0592MHz
   4          {
   5   1              unsigned char i, j;
   6   1      
   7   1              while(n --)
   8   1              {
   9   2                      i = 2;
  10   2                      j = 199;
  11   2                      do
  12   2                      {
  13   3                              while (--j);
  14   3                      } while (--i);
  15   2              }
  16   1      }
  17          
  18          int main()
  19          {
  20   1              unsigned char temp;
  21   1              unsigned int i;
  22   1              while(1)
  23   1              {
  24   2                      temp = 0x01;
  25   2                      for(i = 0; i < 8; i ++)
  26   2                      {
  27   3                              P2 = ~(temp << i);
  28   3                              Delayms(500);
  29   3                      }
  30   2              }
  31   1      }


MODULE INFORMATION:   STATIC OVERLAYABLE
   CODE SIZE        =     61    ----
   CONSTANT SIZE    =   ----    ----
   XDATA SIZE       =   ----    ----
   PDATA SIZE       =   ----    ----
   DATA SIZE        =   ----    ----
   IDATA SIZE       =   ----    ----
   BIT SIZE         =   ----    ----
END OF MODULE INFORMATION.


C51 COMPILATION COMPLETE.  0 WARNING(S),  0 ERROR(S)
