C51 COMPILER V9.54   KEY                                                                   01/31/2024 13:57:54 PAGE 1   


C51 COMPILER V9.54, COMPILATION OF MODULE KEY
OBJECT MODULE PLACED IN .\Objects\Key.obj
COMPILER INVOKED BY: F:\Keil5\C51\BIN\C51.EXE Key.c OPTIMIZE(8,SPEED) BROWSE DEBUG OBJECTEXTEND PRINT(.\Listings\Key.lst
                    -) OBJECT(.\Objects\Key.obj)

line level    source

   1          #include <REGF51RC.H>
   2          
   3          unsigned char Key_number;
   4          
   5          unsigned char Key() // 返回处理过的按键值
   6          {
   7   1              unsigned char temp;
   8   1              
   9   1              temp = Key_number;
  10   1              Key_number = 0; // 清零
  11   1              
  12   1              return temp;
  13   1      }
  14          
  15          // 每 20ms 检测 P3状态
  16          unsigned char Key_GetState()
  17          {
  18   1              unsigned char Keynum = 0;
  19   1              
  20   1              if(P3_1 == 0) Keynum = 1;
  21   1              if(P3_0 == 0) Keynum = 2;
  22   1              if(P3_2 == 0) Keynum = 3;
  23   1              if(P3_3 == 0) Keynum = 4;
  24   1              
  25   1              return Keynum;
  26   1      }
  27          
  28          void Key_Loop()
  29          {
  30   1              static unsigned char NowState, LastState; // 现态, 上一个状态; 为了检测上升沿
  31   1              LastState = NowState;
  32   1              NowState = Key_GetState();
  33   1              
  34   1              if(LastState == 1 && NowState == 0)     Key_number = 1;
  35   1              if(LastState == 2 && NowState == 0)     Key_number = 2;
  36   1              if(LastState == 3 && NowState == 0)     Key_number = 3;
  37   1              if(LastState == 4 && NowState == 0)     Key_number = 4;
  38   1      }


MODULE INFORMATION:   STATIC OVERLAYABLE
   CODE SIZE        =     85    ----
   CONSTANT SIZE    =   ----    ----
   XDATA SIZE       =   ----    ----
   PDATA SIZE       =   ----    ----
   DATA SIZE        =      3    ----
   IDATA SIZE       =   ----    ----
   BIT SIZE         =   ----    ----
END OF MODULE INFORMATION.


C51 COMPILATION COMPLETE.  0 WARNING(S),  0 ERROR(S)
