C51 COMPILER V9.54   MAIN                                                                  01/31/2024 13:58:17 PAGE 1   


C51 COMPILER V9.54, COMPILATION OF MODULE MAIN
OBJECT MODULE PLACED IN .\Objects\main.obj
COMPILER INVOKED BY: F:\Keil5\C51\BIN\C51.EXE main.c OPTIMIZE(8,SPEED) BROWSE DEBUG OBJECTEXTEND PRINT(.\Listings\main.l
                    -st) OBJECT(.\Objects\main.obj)

line level    source

   1          #include <REGF51RC.H>
   2          #include "LCD1602.h"
   3          #include "DS18B20.h"
   4          #include "AT24C02.h"
   5          #include "Key.h"
   6          #include "Delay.h"
   7          #include "Timer.h"
   8          
   9          unsigned char KeyNumber;
  10          float T, Tshow;
  11          char TL, TH;
  12          
  13          int main()
  14          {
  15   1              LCD_Init();
  16   1              Timer_Init();
  17   1              LCD_ShowString(1, 1, "T:");
  18   1              LCD_ShowChar(1, 6, '.');
  19   1              LCD_ShowString(2, 1, "TH:");
  20   1              LCD_ShowString(2, 9, "TL:");
  21   1              
  22   1              TH = AT24C02_ReadByte(0);
  23   1              TL = AT24C02_ReadByte(1);
  24   1              
  25   1              LCD_ShowSignedNum(2, 4, TH, 3);
  26   1              LCD_ShowSignedNum(2, 12, TL, 3);
  27   1              while(1)
  28   1              {
  29   2                      KeyNumber = Key();
  30   2                      // 温度读取显示
  31   2                      DS18B20_ConvertT();
  32   2                      T = DS18B20_ReadT();
  33   2                      
  34   2                      if(T < 0)
  35   2                      {
  36   3                              LCD_ShowChar(1, 3, '-');
  37   3                              Tshow = -T;
  38   3                      }
  39   2                      else
  40   2                      {
  41   3                              LCD_ShowChar(1, 3, '+');
  42   3                              Tshow = T;
  43   3                      }
  44   2                      
  45   2                      LCD_ShowNum(1, 4, Tshow, 2);
  46   2                      LCD_ShowNum(1, 7,(unsigned long) (Tshow * 10000)%10000, 4);
  47   2                      
  48   2                      // 温度阈值显示
  49   2                      if(KeyNumber)
  50   2                      {
  51   3                              if(KeyNumber == 1) TH ++;
  52   3                              if(KeyNumber == 2)
  53   3                              {
  54   4                                      if(TH > TL) TH --;
C51 COMPILER V9.54   MAIN                                                                  01/31/2024 13:58:17 PAGE 2   

  55   4                              }
  56   3                              if(KeyNumber == 3)
  57   3                              {
  58   4                                      if(TH > TL)     TL ++;
  59   4                              }
  60   3                              if(KeyNumber == 4) TL --;
  61   3                              LCD_ShowSignedNum(2, 4, TH, 3);
  62   3                              LCD_ShowSignedNum(2, 12, TL, 3);
  63   3                              AT24C02_WriteByte(0, TH);
  64   3                              Delay(5);
  65   3                              AT24C02_WriteByte(1, TL);
  66   3                              Delay(5);
  67   3                      }
  68   2                      
  69   2                      // 温度报警
  70   2                      if(T > TH) LCD_ShowString(1, 13, "OVH");
  71   2                      else if(T < TL) LCD_ShowString(1, 13, "OVL");
  72   2                      else LCD_ShowString(1, 13, "   ");
  73   2              }
  74   1      }
  75          
  76          unsigned int Count;
  77          void hanser() interrupt 1
  78          {
  79   1              TL0 = 0x66;     
  80   1              TH0 = 0xFC;     
  81   1              Count++;
  82   1              if(Count >= 20)
  83   1              {
  84   2                      Count = 0;
  85   2                       Key_Loop();
  86   2              }
  87   1      }


MODULE INFORMATION:   STATIC OVERLAYABLE
   CODE SIZE        =    553    ----
   CONSTANT SIZE    =     23    ----
   XDATA SIZE       =   ----    ----
   PDATA SIZE       =   ----    ----
   DATA SIZE        =     13    ----
   IDATA SIZE       =   ----    ----
   BIT SIZE         =   ----    ----
END OF MODULE INFORMATION.


C51 COMPILATION COMPLETE.  0 WARNING(S),  0 ERROR(S)
