C51 COMPILER V9.54   MAIN                                                                  01/27/2024 09:49:26 PAGE 1   


C51 COMPILER V9.54, COMPILATION OF MODULE MAIN
OBJECT MODULE PLACED IN .\Objects\main.obj
COMPILER INVOKED BY: F:\Keil5\C51\BIN\C51.EXE main.c OPTIMIZE(8,SPEED) BROWSE DEBUG OBJECTEXTEND PRINT(.\Listings\main.l
                    -st) OBJECT(.\Objects\main.obj)

line level    source

   1          #include <REGF51RC.H>
   2          #include "Timer_Init.h"
   3          #include "Delay.h"
   4          #include "Key.h"
   5          #include <INTRINS.H>
   6          
   7          unsigned char KeyNum, KeyMode;
   8          
   9          int main()
  10          {
  11   1              Timer_Init();
  12   1              P2 = 0xfe;
  13   1              while(1)
  14   1              {
  15   2                      KeyNum = Key();
  16   2                      
  17   2                      if(KeyNum) // 表示按键按下
  18   2                      {
  19   3                              if(KeyNum == 1) // 按下第 1 个按键, 改变模式
  20   3                              {
  21   4                                      KeyMode ++;
  22   4                                      if(KeyMode >= 2) KeyMode = 0;
  23   4                              }
  24   3                      }
  25   2              }
  26   1      }
  27          
  28          unsigned int Count;
  29          void hanser() interrupt 1
  30          {
  31   1              // 每次进入中断都要重新赋初值, 因为 init 函数只执行一次
  32   1              TL0 = 0x66;     
  33   1              TH0 = 0xFC;     
  34   1              
  35   1              // 计数到 0.5s
  36   1              Count++;
  37   1              if(Count >= 500)
  38   1              {
  39   2                      Count = 0; // 清 0
  40   2                      
  41   2                      if(KeyMode == 0) P2 = _cror_(P2, 1); // 右移 1 位
  42   2                      if(KeyMode == 1) P2 = _crol_(P2, 1); // 左移 1 位
  43   2              }
  44   1      }


MODULE INFORMATION:   STATIC OVERLAYABLE
   CODE SIZE        =    116    ----
   CONSTANT SIZE    =   ----    ----
   XDATA SIZE       =   ----    ----
   PDATA SIZE       =   ----    ----
   DATA SIZE        =      4    ----
   IDATA SIZE       =   ----    ----
   BIT SIZE         =   ----    ----
C51 COMPILER V9.54   MAIN                                                                  01/27/2024 09:49:26 PAGE 2   

END OF MODULE INFORMATION.


C51 COMPILATION COMPLETE.  0 WARNING(S),  0 ERROR(S)
